# JRE version: OpenJDK Runtime Environment (11.0.18+10) (build 11.0.18+10-post-Debian-1deb11u1)
# Java VM: OpenJDK 64-Bit Server VM (11.0.18+10-post-Debian-1deb11u1, mixed mode, sharing, tiered, compressed oops, g1 gc, linux-amd64)
Heap:
 garbage-first heap   total 276480K, used 97676K [0x000000008c400000, 0x0000000100000000)
  region size 1024K, 25 young (25600K), 2 survivors (2048K)
 Metaspace       used 37540K, capacity 38684K, committed 39076K, reserved 1083392K
  class space    used 4038K, capacity 4495K, committed 4608K, reserved 1048576K
GC Heap History (20 events):
Event: 61,952 GC heap before
{Heap before GC invocations=20 (full 0):
 garbage-first heap   total 191488K, used 56152K [0x000000008c400000, 0x0000000100000000)
  region size 1024K, 16 young (16384K), 6 survivors (6144K)
 Metaspace       used 29931K, capacity 30815K, committed 30936K, reserved 1077248K
  class space    used 3238K, capacity 3573K, committed 3584K, reserved 1048576K
}
Event: 62,137 GC heap after
{Heap after GC invocations=21 (full 0):
 garbage-first heap   total 230400K, used 48484K [0x000000008c400000, 0x0000000100000000)
  region size 1024K, 2 young (2048K), 2 survivors (2048K)
 Metaspace       used 29931K, capacity 30815K, committed 30936K, reserved 1077248K
  class space    used 3238K, capacity 3573K, committed 3584K, reserved 1048576K
}
Event: 67,279 GC heap before
{Heap before GC invocations=22 (full 0):
 garbage-first heap   total 230400K, used 72036K [0x000000008c400000, 0x0000000100000000)
  region size 1024K, 26 young (26624K), 2 survivors (2048K)
 Metaspace       used 33223K, capacity 34135K, committed 34468K, reserved 1079296K
  class space    used 3649K, capacity 4033K, committed 4096K, reserved 1048576K
}
Event: 67,332 GC heap after
{Heap after GC invocations=23 (full 0):
 garbage-first heap   total 230400K, used 50462K [0x000000008c400000, 0x0000000100000000)
  region size 1024K, 4 young (4096K), 4 survivors (4096K)
 Metaspace       used 33223K, capacity 34135K, committed 34468K, reserved 1079296K
  class space    used 3649K, capacity 4033K, committed 4096K, reserved 1048576K
}
Event: 69,567 GC heap before
{Heap before GC invocations=24 (full 0):
 garbage-first heap   total 230400K, used 79134K [0x000000008c400000, 0x0000000100000000)
  region size 1024K, 32 young (32768K), 4 survivors (4096K)
 Metaspace       used 33542K, capacity 34514K, committed 34724K, reserved 1079296K
  class space    used 3676K, capacity 4070K, committed 4096K, reserved 1048576K
}
Event: 69,626 GC heap after
{Heap after GC invocations=25 (full 0):
 garbage-first heap   total 230400K, used 52530K [0x000000008c400000, 0x0000000100000000)
  region size 1024K, 3 young (3072K), 3 survivors (3072K)
 Metaspace       used 33542K, capacity 34514K, committed 34724K, reserved 1079296K
  class space    used 3676K, capacity 4070K, committed 4096K, reserved 1048576K
}
Event: 71,117 GC heap before
{Heap before GC invocations=25 (full 0):
 garbage-first heap   total 230400K, used 90418K [0x000000008c400000, 0x0000000100000000)
  region size 1024K, 40 young (40960K), 3 survivors (3072K)
 Metaspace       used 33602K, capacity 34582K, committed 34724K, reserved 1079296K
  class space    used 3676K, capacity 4070K, committed 4096K, reserved 1048576K
}
Event: 71,180 GC heap after
{Heap after GC invocations=26 (full 0):
 garbage-first heap   total 230400K, used 52746K [0x000000008c400000, 0x0000000100000000)
  region size 1024K, 3 young (3072K), 3 survivors (3072K)
 Metaspace       used 33602K, capacity 34582K, committed 34724K, reserved 1079296K
  class space    used 3676K, capacity 4070K, committed 4096K, reserved 1048576K
}
Event: 73,067 GC heap before
{Heap before GC invocations=26 (full 0):
 garbage-first heap   total 230400K, used 94730K [0x000000008c400000, 0x0000000100000000)
  region size 1024K, 44 young (45056K), 3 survivors (3072K)
 Metaspace       used 33662K, capacity 34652K, committed 34724K, reserved 1079296K
  class space    used 3676K, capacity 4070K, committed 4096K, reserved 1048576K
}
Event: 73,118 GC heap after
{Heap after GC invocations=27 (full 0):
 garbage-first heap   total 276480K, used 51898K [0x000000008c400000, 0x0000000100000000)
  region size 1024K, 2 young (2048K), 2 survivors (2048K)
 Metaspace       used 33662K, capacity 34652K, committed 34724K, reserved 1079296K
  class space    used 3676K, capacity 4070K, committed 4096K, reserved 1048576K
}
Event: 78,431 GC heap before
{Heap before GC invocations=27 (full 0):
 garbage-first heap   total 276480K, used 102074K [0x000000008c400000, 0x0000000100000000)
  region size 1024K, 51 young (52224K), 2 survivors (2048K)
 Metaspace       used 35011K, capacity 36044K, committed 36132K, reserved 1081344K
  class space    used 3803K, capacity 4213K, committed 4224K, reserved 1048576K
}
Event: 78,491 GC heap after
{Heap after GC invocations=28 (full 0):
 garbage-first heap   total 276480K, used 53152K [0x000000008c400000, 0x0000000100000000)
  region size 1024K, 4 young (4096K), 4 survivors (4096K)
 Metaspace       used 35011K, capacity 36044K, committed 36132K, reserved 1081344K
  class space    used 3803K, capacity 4213K, committed 4224K, reserved 1048576K
}
Event: 84,937 GC heap before
{Heap before GC invocations=28 (full 0):
 garbage-first heap   total 276480K, used 112544K [0x000000008c400000, 0x0000000100000000)
  region size 1024K, 58 young (59392K), 4 survivors (4096K)
 Metaspace       used 35942K, capacity 36973K, committed 37284K, reserved 1083392K
  class space    used 3867K, capacity 4289K, committed 4352K, reserved 1048576K
}
Event: 85,072 GC heap after
{Heap after GC invocations=29 (full 0):
 garbage-first heap   total 276480K, used 64647K [0x000000008c400000, 0x0000000100000000)
  region size 1024K, 8 young (8192K), 8 survivors (8192K)
 Metaspace       used 35942K, capacity 36973K, committed 37284K, reserved 1083392K
  class space    used 3867K, capacity 4289K, committed 4352K, reserved 1048576K
}
Event: 86,819 GC heap before
{Heap before GC invocations=29 (full 0):
 garbage-first heap   total 276480K, used 101511K [0x000000008c400000, 0x0000000100000000)
  region size 1024K, 44 young (45056K), 8 survivors (8192K)
 Metaspace       used 35973K, capacity 37037K, committed 37284K, reserved 1083392K
  class space    used 3868K, capacity 4289K, committed 4352K, reserved 1048576K
}
Event: 86,950 GC heap after
{Heap after GC invocations=30 (full 0):
 garbage-first heap   total 276480K, used 73408K [0x000000008c400000, 0x0000000100000000)
  region size 1024K, 6 young (6144K), 6 survivors (6144K)
 Metaspace       used 35973K, capacity 37037K, committed 37284K, reserved 1083392K
  class space    used 3868K, capacity 4289K, committed 4352K, reserved 1048576K
}
Event: 89,181 GC heap before
{Heap before GC invocations=30 (full 0):
 garbage-first heap   total 276480K, used 114368K [0x000000008c400000, 0x0000000100000000)
  region size 1024K, 47 young (48128K), 6 survivors (6144K)
 Metaspace       used 37404K, capacity 38550K, committed 38820K, reserved 1083392K
  class space    used 4028K, capacity 4495K, committed 4608K, reserved 1048576K
}
Event: 89,233 GC heap after
{Heap after GC invocations=31 (full 0):
 garbage-first heap   total 276480K, used 74956K [0x000000008c400000, 0x0000000100000000)
  region size 1024K, 1 young (1024K), 1 survivors (1024K)
 Metaspace       used 37404K, capacity 38550K, committed 38820K, reserved 1083392K
  class space    used 4028K, capacity 4495K, committed 4608K, reserved 1048576K
}
Event: 90,701 GC heap before
{Heap before GC invocations=31 (full 0):
 garbage-first heap   total 276480K, used 128204K [0x000000008c400000, 0x0000000100000000)
  region size 1024K, 53 young (54272K), 1 survivors (1024K)
 Metaspace       used 37434K, capacity 38615K, committed 38820K, reserved 1083392K
  class space    used 4029K, capacity 4495K, committed 4608K, reserved 1048576K
}
Event: 90,731 GC heap after
{Heap after GC invocations=32 (full 0):
 garbage-first heap   total 276480K, used 75148K [0x000000008c400000, 0x0000000100000000)
  region size 1024K, 2 young (2048K), 2 survivors (2048K)
 Metaspace       used 37434K, capacity 38615K, committed 38820K, reserved 1083392K
  class space    used 4029K, capacity 4495K, committed 4608K, reserved 1048576K
}

